[2025-02-12 18:07:29] production.INFO: registerUserAccessToGates: Database not found or not yet migrated. Ignoring user permissions while booting app.  
[2025-02-12 18:07:32] production.INFO: registerUserAccessToGates: Database not found or not yet migrated. Ignoring user permissions while booting app.  
[2025-02-12 18:07:44] production.INFO: registerUserAccessToGates: Database not found or not yet migrated. Ignoring user permissions while booting app.  
[2025-02-13 14:03:23] local.ERROR: require(D:\DAW2\laragon\laragon\www\Quizoot\routes\api.php): Failed to open stream: No such file or directory {"exception":"[object] (ErrorException(code: 0): require(D:\\DAW2\\laragon\\laragon\\www\\Quizoot\\routes\\api.php): Failed to open stream: No such file or directory at D:\\DAW2\\laragon\\laragon\\www\\Quizoot\\vendor\\laravel\\framework\\src\\Illuminate\\Routing\\RouteFileRegistrar.php:35)
[stacktrace]
#0 D:\\DAW2\\laragon\\laragon\\www\\Quizoot\\vendor\\laravel\\framework\\src\\Illuminate\\Foundation\\Bootstrap\\HandleExceptions.php(255): Illuminate\\Foundation\\Bootstrap\\HandleExceptions->handleError(2, 'require(D:\\\\DAW2...', 'D:\\\\DAW2\\\\laragon...', 35)
#1 D:\\DAW2\\laragon\\laragon\\www\\Quizoot\\vendor\\laravel\\framework\\src\\Illuminate\\Routing\\RouteFileRegistrar.php(35): Illuminate\\Foundation\\Bootstrap\\HandleExceptions->Illuminate\\Foundation\\Bootstrap\\{closure}(2, 'require(D:\\\\DAW2...', 'D:\\\\DAW2\\\\laragon...', 35)
#2 D:\\DAW2\\laragon\\laragon\\www\\Quizoot\\vendor\\laravel\\framework\\src\\Illuminate\\Routing\\RouteFileRegistrar.php(35): require('D:\\\\DAW2\\\\laragon...')
#3 D:\\DAW2\\laragon\\laragon\\www\\Quizoot\\vendor\\laravel\\framework\\src\\Illuminate\\Routing\\Router.php(511): Illuminate\\Routing\\RouteFileRegistrar->register('D:\\\\DAW2\\\\laragon...')
#4 D:\\DAW2\\laragon\\laragon\\www\\Quizoot\\vendor\\laravel\\framework\\src\\Illuminate\\Routing\\Router.php(465): Illuminate\\Routing\\Router->loadRoutes('D:\\\\DAW2\\\\laragon...')
#5 D:\\DAW2\\laragon\\laragon\\www\\Quizoot\\vendor\\laravel\\framework\\src\\Illuminate\\Routing\\RouteRegistrar.php(194): Illuminate\\Routing\\Router->group(Array, 'D:\\\\DAW2\\\\laragon...')
#6 D:\\DAW2\\laragon\\laragon\\www\\Quizoot\\app\\Providers\\RouteServiceProvider.php(34): Illuminate\\Routing\\RouteRegistrar->group('D:\\\\DAW2\\\\laragon...')
#7 D:\\DAW2\\laragon\\laragon\\www\\Quizoot\\vendor\\laravel\\framework\\src\\Illuminate\\Container\\BoundMethod.php(36): App\\Providers\\RouteServiceProvider->App\\Providers\\{closure}()
#8 D:\\DAW2\\laragon\\laragon\\www\\Quizoot\\vendor\\laravel\\framework\\src\\Illuminate\\Container\\Util.php(41): Illuminate\\Container\\BoundMethod::Illuminate\\Container\\{closure}()
#9 D:\\DAW2\\laragon\\laragon\\www\\Quizoot\\vendor\\laravel\\framework\\src\\Illuminate\\Container\\BoundMethod.php(81): Illuminate\\Container\\Util::unwrapIfClosure(Object(Closure))
#10 D:\\DAW2\\laragon\\laragon\\www\\Quizoot\\vendor\\laravel\\framework\\src\\Illuminate\\Container\\BoundMethod.php(35): Illuminate\\Container\\BoundMethod::callBoundMethod(Object(Illuminate\\Foundation\\Application), Object(Closure), Object(Closure))
#11 D:\\DAW2\\laragon\\laragon\\www\\Quizoot\\vendor\\laravel\\framework\\src\\Illuminate\\Container\\Container.php(662): Illuminate\\Container\\BoundMethod::call(Object(Illuminate\\Foundation\\Application), Object(Closure), Array, NULL)
#12 D:\\DAW2\\laragon\\laragon\\www\\Quizoot\\vendor\\laravel\\framework\\src\\Illuminate\\Foundation\\Support\\Providers\\RouteServiceProvider.php(120): Illuminate\\Container\\Container->call(Object(Closure))
#13 D:\\DAW2\\laragon\\laragon\\www\\Quizoot\\vendor\\laravel\\framework\\src\\Illuminate\\Foundation\\Support\\Providers\\RouteServiceProvider.php(45): Illuminate\\Foundation\\Support\\Providers\\RouteServiceProvider->loadRoutes()
#14 D:\\DAW2\\laragon\\laragon\\www\\Quizoot\\vendor\\laravel\\framework\\src\\Illuminate\\Container\\BoundMethod.php(36): Illuminate\\Foundation\\Support\\Providers\\RouteServiceProvider->Illuminate\\Foundation\\Support\\Providers\\{closure}()
#15 D:\\DAW2\\laragon\\laragon\\www\\Quizoot\\vendor\\laravel\\framework\\src\\Illuminate\\Container\\Util.php(41): Illuminate\\Container\\BoundMethod::Illuminate\\Container\\{closure}()
#16 D:\\DAW2\\laragon\\laragon\\www\\Quizoot\\vendor\\laravel\\framework\\src\\Illuminate\\Container\\BoundMethod.php(81): Illuminate\\Container\\Util::unwrapIfClosure(Object(Closure))
#17 D:\\DAW2\\laragon\\laragon\\www\\Quizoot\\vendor\\laravel\\framework\\src\\Illuminate\\Container\\BoundMethod.php(35): Illuminate\\Container\\BoundMethod::callBoundMethod(Object(Illuminate\\Foundation\\Application), Object(Closure), Object(Closure))
#18 D:\\DAW2\\laragon\\laragon\\www\\Quizoot\\vendor\\laravel\\framework\\src\\Illuminate\\Container\\Container.php(662): Illuminate\\Container\\BoundMethod::call(Object(Illuminate\\Foundation\\Application), Object(Closure), Array, NULL)
#19 D:\\DAW2\\laragon\\laragon\\www\\Quizoot\\vendor\\laravel\\framework\\src\\Illuminate\\Support\\ServiceProvider.php(119): Illuminate\\Container\\Container->call(Object(Closure))
#20 D:\\DAW2\\laragon\\laragon\\www\\Quizoot\\vendor\\laravel\\framework\\src\\Illuminate\\Foundation\\Application.php(1062): Illuminate\\Support\\ServiceProvider->callBootedCallbacks()
#21 D:\\DAW2\\laragon\\laragon\\www\\Quizoot\\vendor\\laravel\\framework\\src\\Illuminate\\Foundation\\Application.php(1040): Illuminate\\Foundation\\Application->bootProvider(Object(App\\Providers\\RouteServiceProvider))
#22 [internal function]: Illuminate\\Foundation\\Application->Illuminate\\Foundation\\{closure}(Object(App\\Providers\\RouteServiceProvider), 31)
#23 D:\\DAW2\\laragon\\laragon\\www\\Quizoot\\vendor\\laravel\\framework\\src\\Illuminate\\Foundation\\Application.php(1039): array_walk(Array, Object(Closure))
#24 D:\\DAW2\\laragon\\laragon\\www\\Quizoot\\vendor\\laravel\\framework\\src\\Illuminate\\Foundation\\Bootstrap\\BootProviders.php(17): Illuminate\\Foundation\\Application->boot()
#25 D:\\DAW2\\laragon\\laragon\\www\\Quizoot\\vendor\\laravel\\framework\\src\\Illuminate\\Foundation\\Application.php(286): Illuminate\\Foundation\\Bootstrap\\BootProviders->bootstrap(Object(Illuminate\\Foundation\\Application))
#26 D:\\DAW2\\laragon\\laragon\\www\\Quizoot\\vendor\\laravel\\framework\\src\\Illuminate\\Foundation\\Http\\Kernel.php(186): Illuminate\\Foundation\\Application->bootstrapWith(Array)
#27 D:\\DAW2\\laragon\\laragon\\www\\Quizoot\\vendor\\laravel\\framework\\src\\Illuminate\\Foundation\\Http\\Kernel.php(170): Illuminate\\Foundation\\Http\\Kernel->bootstrap()
#28 D:\\DAW2\\laragon\\laragon\\www\\Quizoot\\vendor\\laravel\\framework\\src\\Illuminate\\Foundation\\Http\\Kernel.php(144): Illuminate\\Foundation\\Http\\Kernel->sendRequestThroughRouter(Object(Illuminate\\Http\\Request))
#29 D:\\DAW2\\laragon\\laragon\\www\\Quizoot\\public\\index.php(51): Illuminate\\Foundation\\Http\\Kernel->handle(Object(Illuminate\\Http\\Request))
#30 D:\\DAW2\\laragon\\laragon\\www\\Quizoot\\vendor\\laravel\\framework\\src\\Illuminate\\Foundation\\resources\\server.php(16): require_once('D:\\\\DAW2\\\\laragon...')
#31 {main}
"} 
[2025-02-13 14:03:51] local.ERROR: require(D:\DAW2\laragon\laragon\www\Quizoot\routes/api.php): Failed to open stream: No such file or directory {"exception":"[object] (ErrorException(code: 0): require(D:\\DAW2\\laragon\\laragon\\www\\Quizoot\\routes/api.php): Failed to open stream: No such file or directory at D:\\DAW2\\laragon\\laragon\\www\\Quizoot\\vendor\\laravel\\framework\\src\\Illuminate\\Routing\\RouteFileRegistrar.php:35)
[stacktrace]
#0 D:\\DAW2\\laragon\\laragon\\www\\Quizoot\\vendor\\laravel\\framework\\src\\Illuminate\\Foundation\\Bootstrap\\HandleExceptions.php(255): Illuminate\\Foundation\\Bootstrap\\HandleExceptions->handleError(2, 'require(D:\\\\DAW2...', 'D:\\\\DAW2\\\\laragon...', 35)
#1 D:\\DAW2\\laragon\\laragon\\www\\Quizoot\\vendor\\laravel\\framework\\src\\Illuminate\\Routing\\RouteFileRegistrar.php(35): Illuminate\\Foundation\\Bootstrap\\HandleExceptions->Illuminate\\Foundation\\Bootstrap\\{closure}(2, 'require(D:\\\\DAW2...', 'D:\\\\DAW2\\\\laragon...', 35)
#2 D:\\DAW2\\laragon\\laragon\\www\\Quizoot\\vendor\\laravel\\framework\\src\\Illuminate\\Routing\\RouteFileRegistrar.php(35): require('D:\\\\DAW2\\\\laragon...')
#3 D:\\DAW2\\laragon\\laragon\\www\\Quizoot\\vendor\\laravel\\framework\\src\\Illuminate\\Routing\\Router.php(511): Illuminate\\Routing\\RouteFileRegistrar->register('D:\\\\DAW2\\\\laragon...')
#4 D:\\DAW2\\laragon\\laragon\\www\\Quizoot\\vendor\\laravel\\framework\\src\\Illuminate\\Routing\\Router.php(465): Illuminate\\Routing\\Router->loadRoutes('D:\\\\DAW2\\\\laragon...')
#5 D:\\DAW2\\laragon\\laragon\\www\\Quizoot\\vendor\\laravel\\framework\\src\\Illuminate\\Routing\\RouteRegistrar.php(194): Illuminate\\Routing\\Router->group(Array, 'D:\\\\DAW2\\\\laragon...')
#6 D:\\DAW2\\laragon\\laragon\\www\\Quizoot\\app\\Providers\\RouteServiceProvider.php(34): Illuminate\\Routing\\RouteRegistrar->group('D:\\\\DAW2\\\\laragon...')
#7 D:\\DAW2\\laragon\\laragon\\www\\Quizoot\\vendor\\laravel\\framework\\src\\Illuminate\\Container\\BoundMethod.php(36): App\\Providers\\RouteServiceProvider->App\\Providers\\{closure}()
#8 D:\\DAW2\\laragon\\laragon\\www\\Quizoot\\vendor\\laravel\\framework\\src\\Illuminate\\Container\\Util.php(41): Illuminate\\Container\\BoundMethod::Illuminate\\Container\\{closure}()
#9 D:\\DAW2\\laragon\\laragon\\www\\Quizoot\\vendor\\laravel\\framework\\src\\Illuminate\\Container\\BoundMethod.php(81): Illuminate\\Container\\Util::unwrapIfClosure(Object(Closure))
#10 D:\\DAW2\\laragon\\laragon\\www\\Quizoot\\vendor\\laravel\\framework\\src\\Illuminate\\Container\\BoundMethod.php(35): Illuminate\\Container\\BoundMethod::callBoundMethod(Object(Illuminate\\Foundation\\Application), Object(Closure), Object(Closure))
#11 D:\\DAW2\\laragon\\laragon\\www\\Quizoot\\vendor\\laravel\\framework\\src\\Illuminate\\Container\\Container.php(662): Illuminate\\Container\\BoundMethod::call(Object(Illuminate\\Foundation\\Application), Object(Closure), Array, NULL)
#12 D:\\DAW2\\laragon\\laragon\\www\\Quizoot\\vendor\\laravel\\framework\\src\\Illuminate\\Foundation\\Support\\Providers\\RouteServiceProvider.php(120): Illuminate\\Container\\Container->call(Object(Closure))
#13 D:\\DAW2\\laragon\\laragon\\www\\Quizoot\\vendor\\laravel\\framework\\src\\Illuminate\\Foundation\\Support\\Providers\\RouteServiceProvider.php(45): Illuminate\\Foundation\\Support\\Providers\\RouteServiceProvider->loadRoutes()
#14 D:\\DAW2\\laragon\\laragon\\www\\Quizoot\\vendor\\laravel\\framework\\src\\Illuminate\\Container\\BoundMethod.php(36): Illuminate\\Foundation\\Support\\Providers\\RouteServiceProvider->Illuminate\\Foundation\\Support\\Providers\\{closure}()
#15 D:\\DAW2\\laragon\\laragon\\www\\Quizoot\\vendor\\laravel\\framework\\src\\Illuminate\\Container\\Util.php(41): Illuminate\\Container\\BoundMethod::Illuminate\\Container\\{closure}()
#16 D:\\DAW2\\laragon\\laragon\\www\\Quizoot\\vendor\\laravel\\framework\\src\\Illuminate\\Container\\BoundMethod.php(81): Illuminate\\Container\\Util::unwrapIfClosure(Object(Closure))
#17 D:\\DAW2\\laragon\\laragon\\www\\Quizoot\\vendor\\laravel\\framework\\src\\Illuminate\\Container\\BoundMethod.php(35): Illuminate\\Container\\BoundMethod::callBoundMethod(Object(Illuminate\\Foundation\\Application), Object(Closure), Object(Closure))
#18 D:\\DAW2\\laragon\\laragon\\www\\Quizoot\\vendor\\laravel\\framework\\src\\Illuminate\\Container\\Container.php(662): Illuminate\\Container\\BoundMethod::call(Object(Illuminate\\Foundation\\Application), Object(Closure), Array, NULL)
#19 D:\\DAW2\\laragon\\laragon\\www\\Quizoot\\vendor\\laravel\\framework\\src\\Illuminate\\Support\\ServiceProvider.php(119): Illuminate\\Container\\Container->call(Object(Closure))
#20 D:\\DAW2\\laragon\\laragon\\www\\Quizoot\\vendor\\laravel\\framework\\src\\Illuminate\\Foundation\\Application.php(1062): Illuminate\\Support\\ServiceProvider->callBootedCallbacks()
#21 D:\\DAW2\\laragon\\laragon\\www\\Quizoot\\vendor\\laravel\\framework\\src\\Illuminate\\Foundation\\Application.php(1040): Illuminate\\Foundation\\Application->bootProvider(Object(App\\Providers\\RouteServiceProvider))
#22 [internal function]: Illuminate\\Foundation\\Application->Illuminate\\Foundation\\{closure}(Object(App\\Providers\\RouteServiceProvider), 31)
#23 D:\\DAW2\\laragon\\laragon\\www\\Quizoot\\vendor\\laravel\\framework\\src\\Illuminate\\Foundation\\Application.php(1039): array_walk(Array, Object(Closure))
#24 D:\\DAW2\\laragon\\laragon\\www\\Quizoot\\vendor\\laravel\\framework\\src\\Illuminate\\Foundation\\Bootstrap\\BootProviders.php(17): Illuminate\\Foundation\\Application->boot()
#25 D:\\DAW2\\laragon\\laragon\\www\\Quizoot\\vendor\\laravel\\framework\\src\\Illuminate\\Foundation\\Application.php(286): Illuminate\\Foundation\\Bootstrap\\BootProviders->bootstrap(Object(Illuminate\\Foundation\\Application))
#26 D:\\DAW2\\laragon\\laragon\\www\\Quizoot\\vendor\\laravel\\framework\\src\\Illuminate\\Foundation\\Http\\Kernel.php(186): Illuminate\\Foundation\\Application->bootstrapWith(Array)
#27 D:\\DAW2\\laragon\\laragon\\www\\Quizoot\\vendor\\laravel\\framework\\src\\Illuminate\\Foundation\\Http\\Kernel.php(170): Illuminate\\Foundation\\Http\\Kernel->bootstrap()
#28 D:\\DAW2\\laragon\\laragon\\www\\Quizoot\\vendor\\laravel\\framework\\src\\Illuminate\\Foundation\\Http\\Kernel.php(144): Illuminate\\Foundation\\Http\\Kernel->sendRequestThroughRouter(Object(Illuminate\\Http\\Request))
#29 D:\\DAW2\\laragon\\laragon\\www\\Quizoot\\public\\index.php(51): Illuminate\\Foundation\\Http\\Kernel->handle(Object(Illuminate\\Http\\Request))
#30 D:\\DAW2\\laragon\\laragon\\www\\Quizoot\\vendor\\laravel\\framework\\src\\Illuminate\\Foundation\\resources\\server.php(16): require_once('D:\\\\DAW2\\\\laragon...')
#31 {main}
"} 
